<?xml version="1.0" encoding="UTF-8"?>
<!-- Generated by org.testng.reporters.JUnitXMLReporter -->
<testsuite hostname="SASUNKAR-IN" ignored="0" name="Default test" tests="4" failures="0" timestamp="08 Mar 2018 09:48:35 GMT" time="75.081" errors="0">
  <testcase name="login" time="1.591" classname="firstpackage.ServiceNowTest"/>
  <testcase name="addTest" time="31.9" classname="firstpackage.ServiceNowTest"/>
  <testcase name="viewTest" time="0.631" classname="firstpackage.ServiceNowTest"/>
  <testcase name="deleteTest" time="31.25" classname="firstpackage.ServiceNowTest"/>
</testsuite> <!-- Default test -->
