<?xml version="1.0" encoding="UTF-8"?>
<!-- Generated by org.testng.reporters.JUnitXMLReporter -->
<testsuite hostname="SASUNKAR-IN" ignored="0" name="Test" tests="3" failures="1" timestamp="08 Mar 2018 09:10:16 GMT" time="77.969" errors="0">
  <testcase name="login" time="1.651" classname="firstpackage.ServiceNowTest"/>
  <testcase name="addTest" time="31.832" classname="firstpackage.ServiceNowTest"/>
  <testcase name="viewTest" time="0.231" classname="firstpackage.ServiceNowTest">
    <failure type="java.lang.NullPointerException">
      <![CDATA[java.lang.NullPointerException
	at firstpackage.ServiceNowTest.viewTest(ServiceNowTest.java:78)
... Removed 25 stack frames]]>
    </failure>
  </testcase> <!-- viewTest -->
</testsuite> <!-- Test -->
